\\banner.main.ad.rit.edu\students\djl1005\igmprofile\desktop\directx11_starter\debug\pixelshader.cso
\\banner.main.ad.rit.edu\students\djl1005\igmprofile\desktop\directx11_starter\debug\vertexshader.cso
\\banner.main.ad.rit.edu\students\djl1005\igmprofile\desktop\directx11_starter(2)\debug\pixelshader.cso
\\banner.main.ad.rit.edu\students\djl1005\igmprofile\desktop\directx11_starter(2)\debug\vertexshader.cso
\\banner.main.ad.rit.edu\students\djl1005\igmprofile\desktop\directx11_starter\debug\directx11_starter.ilk
\\banner.main.ad.rit.edu\students\djl1005\igmprofile\desktop\directx11_starter\debug\directx11_starter.exe
\\banner.main.ad.rit.edu\students\djl1005\igmprofile\desktop\directx11_starter\debug\directx11_starter.pdb
\\banner.main.ad.rit.edu\students\djl1005\igmprofile\desktop\directx11_starter(2)\debug\directx11_starter.ilk
\\banner.main.ad.rit.edu\students\djl1005\igmprofile\desktop\directx11_starter(2)\debug\directx11_starter.exe
\\banner.main.ad.rit.edu\students\djl1005\igmprofile\desktop\directx11_starter(2)\debug\directx11_starter.pdb
\\banner.main.ad.rit.edu\students\djl1005\igmprofile\desktop\directx11_starter\directx11_starter\debug\vc120.pdb
\\banner.main.ad.rit.edu\students\djl1005\igmprofile\desktop\directx11_starter\directx11_starter\debug\mydemogame.obj
\\banner.main.ad.rit.edu\students\djl1005\igmprofile\desktop\directx11_starter\directx11_starter\debug\vc120.idb
\\banner.main.ad.rit.edu\students\djl1005\igmprofile\desktop\directx11_starter\directx11_starter\debug\camera.obj
\\banner.main.ad.rit.edu\students\djl1005\igmprofile\desktop\directx11_starter\directx11_starter\debug\gameentity.obj
\\banner.main.ad.rit.edu\students\djl1005\igmprofile\desktop\directx11_starter(2)\directx11_starter\debug\vc120.pdb
\\banner.main.ad.rit.edu\students\djl1005\igmprofile\desktop\directx11_starter(2)\directx11_starter\debug\vc120.idb
\\banner.main.ad.rit.edu\students\djl1005\igmprofile\desktop\directx11_starter(2)\directx11_starter\debug\camera.obj
\\banner.main.ad.rit.edu\students\djl1005\igmprofile\desktop\directx11_starter(2)\directx11_starter\debug\gameentity.obj
\\banner.main.ad.rit.edu\students\djl1005\igmprofile\desktop\directx11_starter(2)\directx11_starter\debug\material.obj
\\banner.main.ad.rit.edu\students\djl1005\igmprofile\desktop\directx11_starter(2)\directx11_starter\debug\mesh.obj
\\banner.main.ad.rit.edu\students\djl1005\igmprofile\desktop\directx11_starter(2)\directx11_starter\debug\mydemogame.obj
\\banner.main.ad.rit.edu\students\djl1005\igmprofile\desktop\directx11_starter(2)\directx11_starter\debug\dxerr.obj
\\banner.main.ad.rit.edu\students\djl1005\igmprofile\desktop\directx11_starter(2)\directx11_starter\debug\directxgame.obj
\\banner.main.ad.rit.edu\students\djl1005\igmprofile\desktop\directx11_starter(2)\directx11_starter\debug\gametimer.obj
\\banner.main.ad.rit.edu\students\djl1005\igmprofile\desktop\directx11_starter(2)\directx11_starter\debug\simpleshader.obj
\\banner.main.ad.rit.edu\students\djl1005\igmprofile\desktop\directx11_starter(2)\directx11_starter\debug\directx1.feb50fc0.tlog\cl.command.1.tlog
\\banner.main.ad.rit.edu\students\djl1005\igmprofile\desktop\directx11_starter(2)\directx11_starter\debug\directx1.feb50fc0.tlog\directx11_starter.write.1u.tlog
\\banner.main.ad.rit.edu\students\djl1005\igmprofile\desktop\directx11_starter(2)\directx11_starter\debug\directx1.feb50fc0.tlog\fxc.command.1.tlog
\\banner.main.ad.rit.edu\students\djl1005\igmprofile\desktop\directx11_starter(2)\directx11_starter\debug\directx1.feb50fc0.tlog\fxc.read.1.tlog
\\banner.main.ad.rit.edu\students\djl1005\igmprofile\desktop\directx11_starter(2)\directx11_starter\debug\directx1.feb50fc0.tlog\fxc.write.1.tlog
\\banner.main.ad.rit.edu\students\djl1005\igmprofile\desktop\directx11_starter(2)\directx11_starter\debug\directx1.feb50fc0.tlog\link.command.1.tlog
\\banner.main.ad.rit.edu\students\djl1005\igmprofile\desktop\directx11_starter(2)\directx11_starter\debug\directx1.feb50fc0.tlog\link.write.1.tlog
\\banner.main.ad.rit.edu\students\djl1005\igmprofile\desktop\directx11_starter(2)\directx11_starter\debug\directx1.feb50fc0.tlog\cl.read.1.tlog
\\banner.main.ad.rit.edu\students\djl1005\igmprofile\desktop\directx11_starter(2)\directx11_starter\debug\directx1.feb50fc0.tlog\link.read.1.tlog
\\banner.main.ad.rit.edu\students\djl1005\igmprofile\desktop\directx11_starter(2)\directx11_starter\debug\directx1.feb50fc0.tlog\cl.write.1.tlog
